0 info it worked if it ends with ok
1 verbose cli [ '/usr/bin/node', '/usr/bin/npm', 'run', 'htmlhint' ]
2 info using npm@3.5.2
3 info using node@v8.10.0
4 verbose run-script [ 'prehtmlhint', 'htmlhint', 'posthtmlhint' ]
5 info lifecycle cipher@1.0.0~prehtmlhint: cipher@1.0.0
6 silly lifecycle cipher@1.0.0~prehtmlhint: no script for prehtmlhint, continuing
7 info lifecycle cipher@1.0.0~htmlhint: cipher@1.0.0
8 verbose lifecycle cipher@1.0.0~htmlhint: unsafe-perm in lifecycle true
9 verbose lifecycle cipher@1.0.0~htmlhint: PATH: /usr/share/npm/bin/node-gyp-bin:/home/laboratoria148-am/Documentos/Laboratoria/proyecto-uno/cdmx-2019-01-bc-core-am-cipher/node_modules/.bin:/usr/share/npm/bin/node-gyp-bin:/home/laboratoria148-am/Documentos/Laboratoria/proyecto-uno/cdmx-2019-01-bc-core-am-cipher/node_modules/.bin:/usr/local/sbin:/usr/local/bin:/usr/sbin:/usr/bin:/sbin:/bin:/usr/games:/usr/local/games:/snap/bin
10 verbose lifecycle cipher@1.0.0~htmlhint: CWD: /home/laboratoria148-am/Documentos/Laboratoria/proyecto-uno/cdmx-2019-01-bc-core-am-cipher
11 silly lifecycle cipher@1.0.0~htmlhint: Args: [ '-c', 'htmlhint src/*.html test/*.html' ]
12 silly lifecycle cipher@1.0.0~htmlhint: Returned: code: 1  signal: null
13 info lifecycle cipher@1.0.0~htmlhint: Failed to exec htmlhint script
14 verbose stack Error: cipher@1.0.0 htmlhint: `htmlhint src/*.html test/*.html`
14 verbose stack Exit status 1
14 verbose stack     at EventEmitter.<anonymous> (/usr/share/npm/lib/utils/lifecycle.js:232:16)
14 verbose stack     at emitTwo (events.js:126:13)
14 verbose stack     at EventEmitter.emit (events.js:214:7)
14 verbose stack     at ChildProcess.<anonymous> (/usr/share/npm/lib/utils/spawn.js:24:14)
14 verbose stack     at emitTwo (events.js:126:13)
14 verbose stack     at ChildProcess.emit (events.js:214:7)
14 verbose stack     at maybeClose (internal/child_process.js:925:16)
14 verbose stack     at Process.ChildProcess._handle.onexit (internal/child_process.js:209:5)
15 verbose pkgid cipher@1.0.0
16 verbose cwd /home/laboratoria148-am/Documentos/Laboratoria/proyecto-uno/cdmx-2019-01-bc-core-am-cipher
17 error Linux 4.15.0-43-generic
18 error argv "/usr/bin/node" "/usr/bin/npm" "run" "htmlhint"
19 error node v8.10.0
20 error npm  v3.5.2
21 error code ELIFECYCLE
22 error cipher@1.0.0 htmlhint: `htmlhint src/*.html test/*.html`
22 error Exit status 1
23 error Failed at the cipher@1.0.0 htmlhint script 'htmlhint src/*.html test/*.html'.
23 error Make sure you have the latest version of node.js and npm installed.
23 error If you do, this is most likely a problem with the cipher package,
23 error not with npm itself.
23 error Tell the author that this fails on your system:
23 error     htmlhint src/*.html test/*.html
23 error You can get information on how to open an issue for this project with:
23 error     npm bugs cipher
23 error Or if that isn't available, you can get their info via:
23 error     npm owner ls cipher
23 error There is likely additional logging output above.
24 verbose exit [ 1, true ]
